[23:19:17.474] [INFO] storybook v10.4.6
[23:19:19.755] [DEBUG] Getting package.json info for F:/Bussiness System/a12/jiang_haley_ui_garden/package.json...
[23:19:25.500] [DEBUG] Serving static files from [36mpublic[39m at [36m/[39m
[23:19:25.500] [INFO] Starting...
[23:19:25.557] [WARN] No story files found for the specified pattern: [34msrc\**\*.mdx[39m
[23:19:25.968] [DEBUG] Starting preview..
[23:19:26.008] [INFO] Loading Webpack configuration from `node_modules\react-scripts`
[23:19:26.009] [INFO] Removing existing JavaScript and TypeScript rules.
[23:19:27.448] [INFO] Modifying Create React App rules.
[23:19:27.569] [INFO] Addon-docs: using MDX3
[23:19:27.899] [INFO] Using default Webpack5 setup
[23:19:29.734] [DEBUG] Using tsconfig paths for react-docgen
[23:19:37.174] [ERROR] Failed to build the preview
[23:19:37.179] [WARN] Force closed preview build
[23:19:37.183] [ERROR] [38;2;241;97;97mSB_BUILDER-WEBPACK5_0003 (WebpackCompilationError): There were problems when compiling your code with Webpack.
Run Storybook with --debug-webpack for more information.[39m
    at starter (file:///F:/Bussiness%20System/a12/jiang_haley_ui_garden/node_modules/@storybook/builder-webpack5/dist/index.js:857:11)
    at starter.next (<anonymous>)
    at Module.start (file:///F:/Bussiness%20System/a12/jiang_haley_ui_garden/node_modules/@storybook/builder-webpack5/dist/index.js:915:34)
    at process.processTicksAndRejections (node:internal/process/task_queues:104:5)
    at async storybookDevServer (file:///F:/Bussiness%20System/a12/jiang_haley_ui_garden/node_modules/storybook/dist/core-server/index.js:11496:158)
    at async buildOrThrow (file:///F:/Bussiness%20System/a12/jiang_haley_ui_garden/node_modules/storybook/dist/core-server/index.js:8205:12)
    at async buildDevStandalone (file:///F:/Bussiness%20System/a12/jiang_haley_ui_garden/node_modules/storybook/dist/core-server/index.js:12057:41)
    at async withTelemetry (file:///F:/Bussiness%20System/a12/jiang_haley_ui_garden/node_modules/storybook/dist/_node-chunks/chunk-G7NXW2C2.js:650:12)
    at async dev (file:///F:/Bussiness%20System/a12/jiang_haley_ui_garden/node_modules/storybook/dist/bin/core.js:2735:3)
    at async _Command.<anonymous> (file:///F:/Bussiness%20System/a12/jiang_haley_ui_garden/node_modules/storybook/dist/bin/core.js:2805:92)
[23:19:37.185] [WARN] Broken build, fix the error above.
You may need to refresh the browser.
[23:20:28.904] [PROMPT] Would you like to send anonymous crash reports to improve Storybook and fix bugs faster? {"choice":false}